<?xml version="1.0" encoding="UTF-8"?>
<!-- Generated by org.testng.reporters.JUnitXMLReporter -->
<testsuite ignored="8" hostname="DESKTOP-HRS35RE" failures="0" tests="1" name="Default test" time="12.399" errors="0" timestamp="2020-01-20T18:47:56 EET">
  <testcase classname="tests.LoginTest" name="should_Not_logIN_When_UserPasswordIsEmpty" time="1.7"/>
  <testcase classname="tests.LoginTest" name="should_Not_logIN_When_UserPasswordWithIllegalSimbols" time="0.0">
    <ignored/>
  </testcase> <!-- should_Not_logIN_When_UserPasswordWithIllegalSimbols -->
  <testcase classname="tests.LoginTest" name="should_Not_logIN_When_UserPasswordWithToManySigns" time="0.0">
    <ignored/>
  </testcase> <!-- should_Not_logIN_When_UserPasswordWithToManySigns -->
  <testcase classname="tests.LoginTest" name="should_Not_logIN_When_UserIDInvalid" time="0.0">
    <ignored/>
  </testcase> <!-- should_Not_logIN_When_UserIDInvalid -->
  <testcase classname="tests.LoginTest" name="should_BeAbbleToLogIn_With_ValidUserAndPassData" time="0.0">
    <ignored/>
  </testcase> <!-- should_BeAbbleToLogIn_With_ValidUserAndPassData -->
  <testcase classname="tests.LoginTest" name="should_Not_logIN_When_UserPasswordWithScripting" time="0.0">
    <ignored/>
  </testcase> <!-- should_Not_logIN_When_UserPasswordWithScripting -->
  <testcase classname="tests.LoginTest" name="should_Not_logIN_When_UserPasswordWithLink" time="0.0">
    <ignored/>
  </testcase> <!-- should_Not_logIN_When_UserPasswordWithLink -->
  <testcase classname="tests.LoginTest" name="should_Not_logIN_When_UserPasswordInvalid" time="0.0">
    <ignored/>
  </testcase> <!-- should_Not_logIN_When_UserPasswordInvalid -->
  <testcase classname="tests.LoginTest" name="should_Not_logIN_When_UserPasswordWithcrossScripting" time="0.0">
    <ignored/>
  </testcase> <!-- should_Not_logIN_When_UserPasswordWithcrossScripting -->
</testsuite> <!-- Default test -->
