<?xml version="1.0" encoding="UTF-8"?>
<testng-results ignored="8" total="9" passed="1" failed="0" skipped="0">
  <reporter-output>
  </reporter-output>
  <suite started-at="2020-01-20T18:47:43 EET" name="Default suite" finished-at="2020-01-20T18:47:56 EET" duration-ms="12399">
    <groups>
    </groups>
    <test started-at="2020-01-20T18:47:43 EET" name="Default test" finished-at="2020-01-20T18:47:56 EET" duration-ms="12399">
      <class name="tests.LoginTest">
        <test-method is-config="true" signature="beforeClass()[pri:0, instance:tests.LoginTest@36bc55de]" started-at="2020-01-20T18:47:43 EET" name="beforeClass" finished-at="2020-01-20T18:47:54 EET" duration-ms="10670" status="PASS">
          <reporter-output>
          </reporter-output>
        </test-method> <!-- beforeClass -->
        <test-method signature="should_Not_logIN_When_UserPasswordIsEmpty()[pri:0, instance:tests.LoginTest@36bc55de]" started-at="2020-01-20T18:47:54 EET" name="should_Not_logIN_When_UserPasswordIsEmpty" finished-at="2020-01-20T18:47:56 EET" duration-ms="1700" status="PASS">
          <reporter-output>
          </reporter-output>
        </test-method> <!-- should_Not_logIN_When_UserPasswordIsEmpty -->
        <test-method is-config="true" signature="afterClass()[pri:0, instance:tests.LoginTest@36bc55de]" started-at="2020-01-20T18:47:56 EET" name="afterClass" finished-at="2020-01-20T18:47:56 EET" duration-ms="1" status="PASS">
          <reporter-output>
          </reporter-output>
        </test-method> <!-- afterClass -->
      </class> <!-- tests.LoginTest -->
    </test> <!-- Default test -->
  </suite> <!-- Default suite -->
</testng-results>
